<?xml version="1.0" encoding="UTF-8"?>
<!-- Generated by org.testng.reporters.JUnitReportReporter -->
<testsuite hostname="DESKTOP-ENGGCBP" failures="0" tests="1" name="testng.tests.secondTest" time="0.001" errors="0" timestamp="2024-02-11T16:02:14 IST" skipped="0">
  <testcase classname="testng.tests.secondTest" name="method2" time="0.001"/>
</testsuite> <!-- testng.tests.secondTest -->
