<?xml version="1.0" encoding="UTF-8"?>
<!-- Generated by org.testng.reporters.JUnitReportReporter -->
<testsuite hostname="DESKTOP-ENGGCBP" failures="0" tests="1" name="testng.tests.parameters" time="0.007" errors="0" timestamp="2024-02-13T11:34:19 IST" skipped="0">
  <testcase classname="testng.tests.parameters" name="Login" time="0.007"/>
</testsuite> <!-- testng.tests.parameters -->
