<?xml version="1.0" encoding="UTF-8"?>
<!-- Generated by org.testng.reporters.JUnitReportReporter -->
<testsuite hostname="DESKTOP-ENGGCBP" failures="0" tests="7" name="testng.tests.firstTest" time="0.016" errors="0" timestamp="2024-02-11T16:02:14 IST" skipped="0">
  <testcase classname="testng.tests.firstTest" name="add" time="0.004"/>
  <testcase classname="testng.tests.firstTest" name="webLogin" time="0.001"/>
  <testcase classname="testng.tests.firstTest" name="update" time="0.004"/>
  <testcase classname="testng.tests.firstTest" name="webFilter" time="0.001"/>
  <testcase classname="testng.tests.firstTest" name="webAdd" time="0.001"/>
  <testcase classname="testng.tests.firstTest" name="filter" time="0.002"/>
  <testcase classname="testng.tests.firstTest" name="delete" time="0.003"/>
</testsuite> <!-- testng.tests.firstTest -->
