<?xml version="1.0" encoding="UTF-8"?>
<!-- Generated by org.testng.reporters.JUnitReportReporter -->
<testsuite hostname="DESKTOP-ENGGCBP" failures="0" tests="1" name="testng.tests.Logging" time="27.656" errors="0" timestamp="2024-02-11T17:01:36 IST" skipped="0">
  <testcase classname="testng.tests.Logging" name="test" time="27.656"/>
</testsuite> <!-- testng.tests.Logging -->
