<?xml version="1.0" encoding="UTF-8"?>
<!-- Generated by org.testng.reporters.JUnitReportReporter -->
<testsuite hostname="DESKTOP-ENGGCBP" failures="0" tests="4" name="testng.tests.ParallelExecution" time="30.062" errors="0" timestamp="2024-02-11T16:02:14 IST" skipped="0">
  <testcase classname="testng.tests.ParallelExecution" name="google" time="10.896"/>
  <testcase classname="testng.tests.ParallelExecution" name="internet1" time="5.664"/>
  <testcase classname="testng.tests.ParallelExecution" name="google1" time="7.535"/>
  <testcase classname="testng.tests.ParallelExecution" name="internet" time="5.967"/>
</testsuite> <!-- testng.tests.ParallelExecution -->
