<?xml version="1.0" encoding="UTF-8"?>
<!-- Generated by org.testng.reporters.JUnitReportReporter -->
<testsuite hostname="DESKTOP-ENGGCBP" failures="0" tests="10" name="testng.tests.HelperAttributes" time="0.018" errors="0" timestamp="2024-02-11T16:02:14 IST" skipped="0">
  <testcase classname="testng.tests.HelperAttributes" name="logoff" time="0.006"/>
  <testcase classname="testng.tests.HelperAttributes" name="update" time="0.000"/>
  <testcase classname="testng.tests.HelperAttributes" name="testinvo" time="0.002"/>
  <testcase classname="testng.tests.HelperAttributes" name="sum" time="0.001"/>
  <testcase classname="testng.tests.HelperAttributes" name="testinvo" time="0.001"/>
  <testcase classname="testng.tests.HelperAttributes" name="testOne" time="0.001"/>
  <testcase classname="testng.tests.HelperAttributes" name="testThree" time="0.002"/>
  <testcase classname="testng.tests.HelperAttributes" name="testinvo" time="0.001"/>
  <testcase classname="testng.tests.HelperAttributes" name="login" time="0.000"/>
  <testcase classname="testng.tests.HelperAttributes" name="create" time="0.004"/>
</testsuite> <!-- testng.tests.HelperAttributes -->
