<?xml version="1.0" encoding="UTF-8"?>
<!-- Generated by org.testng.reporters.JUnitReportReporter -->
<testsuite hostname="DESKTOP-ENGGCBP" failures="0" tests="1" name="testng.tests.parameters" time="0.002" errors="0" timestamp="2024-02-14T11:01:52 IST" skipped="0">
  <testcase classname="testng.tests.parameters" name="Login" time="0.002"/>
</testsuite> <!-- testng.tests.parameters -->
