<?xml version="1.0" encoding="UTF-8"?>
<!-- Generated by org.testng.reporters.JUnitReportReporter -->
<testsuite hostname="DESKTOP-ENGGCBP" failures="0" tests="6" name="testng.tests.DependencyTest" time="0.012" errors="0" timestamp="2024-02-14T11:01:05 IST" skipped="3">
  <testcase classname="testng.tests.DependencyTest" name="addDP" time="0.001"/>
  <testcase classname="testng.tests.DependencyTest" name="addDP" time="0.001"/>
  <testcase classname="testng.tests.DependencyTest" name="addDP" time="0.010"/>
  <testcase classname="testng.tests.DependencyTest" name="dependMethod">
    <skipped/>
  </testcase> <!-- dependMethod -->
  <testcase classname="testng.tests.DependencyTest" name="add">
    <skipped/>
  </testcase> <!-- add -->
  <testcase classname="testng.tests.DependencyTest" name="update">
    <skipped/>
  </testcase> <!-- update -->
</testsuite> <!-- testng.tests.DependencyTest -->
